****************************************
Pos	Equipo			Pts	PG	DG	GF	GC
****************************************
1	grecia         	6	2	5	10	5
2	portugal       	6	2	4	8	4
3	españa         	6	2	3	7	4
4	rusia          	0	0	-12	1	13
****************************************
1	grecia         	6	2	5	10	5
2	portugal       	6	2	4	8	4
3	españa         	3	1	-1	5	6
4	rusia          	3	1	-8	3	11
****************************************
1	brasil         	1	0	0	0	0
2	francia        	1	0	0	0	0
****************************************
1	argentina      	3	1	1	1	0
2	uruguay        	0	0	-1	0	1
****************************************
1	uruguay        	6	2	0	2	2
2	argentina      	6	1	1	2	1
3	chile          	1	0	0	0	0
4	ecuador        	1	0	0	0	0
5	peru           	1	0	0	0	0
6	brasil         	0	0	-1	0	1
****************************************
1	uruguay        	3	1	1	3	2
2	argentina      	3	1	-1	2	3
****************************************
1	argentina      	3	1	0	10	10
2	uruguay        	3	1	0	10	10
****************************************
1	peru           	6	2	4	4	0
2	argentina      	0	0	-2	0	2
3	uruguay        	0	0	-2	0	2
****************************************
1	argentina      	1	0	0	0	0
2	uruguay        	1	0	0	0	0
****************************************
1	otro           	3	1	2	2	0
2	argentina      	1	0	0	0	0
3	peru           	1	0	-2	0	2
****************************************
1	uruguay        	6	2	5	7	2
2	portugal       	3	1	3	4	1
3	brasil         	0	0	-1	2	3
4	grecia         	0	0	-3	1	4
5	españa         	0	0	-4	0	4
****************************************
1	noruega        	3	1	3	4	1
2	españa         	3	1	1	5	4
3	uruguay        	3	1	1	5	4
4	argentina      	0	0	-1	4	5
5	inglaterra     	0	0	-1	4	5
6	usa            	0	0	-3	1	4
****************************************
1	argentina      	3	1	2	4	2
2	ecuador        	3	1	1	5	4
3	colombia       	0	0	-1	4	5
4	oceania        	0	0	-2	2	4
****************************************
1	colombia       	3	1	1	2	1
2	chile          	2	0	0	0	0
3	peru           	2	0	0	0	0
4	argentina      	1	0	0	0	0
5	dinamarca      	1	0	0	0	0
6	oceania        	1	0	0	0	0
7	uruguay        	1	0	0	0	0
8	ecuador        	0	0	-1	1	2
****************************************
